This is LuaTeX, Version beta-0.80.0 (TeX Live 2015) (rev 5238)  (format=lualatex 2015.5.24)  4 APR 2016 00:02
 restricted \write18 enabled.
 file:line:error style messages enabled.
**HW4_report.tex
(./HW4_report.tex
LaTeX2e <2015/01/01>
Babel <3.9l> and hyphenation patterns for 79 languages loaded.
(/usr/local/texlive/2015/texmf-dist/tex/latex/base/article.cls
Document Class: article 2014/09/29 v1.4h Standard LaTeX document class
(/usr/local/texlive/2015/texmf-dist/tex/latex/base/size10.clo
File: size10.clo 2014/09/29 v1.4h Standard LaTeX file (size option)
)
\c@part=\count79
\c@section=\count80
\c@subsection=\count81
\c@subsubsection=\count82
\c@paragraph=\count83
\c@subparagraph=\count84
\c@figure=\count85
\c@table=\count86
\abovecaptionskip=\skip41
\belowcaptionskip=\skip42
\bibindent=\dimen102
)
(/usr/local/texlive/2015/texmf-dist/tex/latex/base/inputenc.sty
Package: inputenc 2015/03/17 v1.2c Input encoding file
\inpenc@prehook=\toks14
\inpenc@posthook=\toks15


Package inputenc Warning: inputenc package ignored with utf8 based engines.

) (/usr/local/texlive/2015/texmf-dist/tex/latex/graphics/graphicx.sty
Package: graphicx 2014/10/28 v1.0g Enhanced LaTeX Graphics (DPC,SPQR)

(/usr/local/texlive/2015/texmf-dist/tex/latex/graphics/keyval.sty
Package: keyval 2014/10/28 v1.15 key=value parser (DPC)
\KV@toks@=\toks16
)
(/usr/local/texlive/2015/texmf-dist/tex/latex/graphics/graphics.sty
Package: graphics 2014/10/28 v1.0p Standard LaTeX Graphics (DPC,SPQR)

(/usr/local/texlive/2015/texmf-dist/tex/latex/graphics/trig.sty
Package: trig 1999/03/16 v1.09 sin cos tan (DPC)
)
(/usr/local/texlive/2015/texmf-dist/tex/latex/latexconfig/graphics.cfg
File: graphics.cfg 2010/04/23 v1.9 graphics configuration of TeX Live
)
Package graphics Info: Driver file: pdftex.def on input line 94.

(/usr/local/texlive/2015/texmf-dist/tex/latex/pdftex-def/pdftex.def
File: pdftex.def 2011/05/27 v0.06d Graphics/color for pdfTeX

(/usr/local/texlive/2015/texmf-dist/tex/generic/oberdiek/infwarerr.sty
Package: infwarerr 2010/04/08 v1.3 Providing info/warning/error messages (HO)
)
(/usr/local/texlive/2015/texmf-dist/tex/generic/oberdiek/ltxcmds.sty
Package: ltxcmds 2011/11/09 v1.22 LaTeX kernel commands for general use (HO)
)
\Gread@gobject=\count87
))
\Gin@req@height=\dimen103
\Gin@req@width=\dimen104
)
(/usr/local/texlive/2015/texmf-dist/tex/latex/adjustbox/adjustbox.sty
Package: adjustbox 2012/05/21 v1.0 Adjusting TeX boxes (trim, clip, ...)

(/usr/local/texlive/2015/texmf-dist/tex/latex/xkeyval/xkeyval.sty
Package: xkeyval 2014/12/03 v2.7a package option processing (HA)

(/usr/local/texlive/2015/texmf-dist/tex/generic/xkeyval/xkeyval.tex
(/usr/local/texlive/2015/texmf-dist/tex/generic/xkeyval/xkvutils.tex
\XKV@toks=\toks17
\XKV@tempa@toks=\toks18
)
\XKV@depth=\count88
File: xkeyval.tex 2014/12/03 v2.7a key=value parser (HA)
))
(/usr/local/texlive/2015/texmf-dist/tex/latex/adjustbox/adjcalc.sty
Package: adjcalc 2012/05/16 v1.1 Provides advanced setlength with multiple back-
ends (calc, etex, pgfmath)
)
(/usr/local/texlive/2015/texmf-dist/tex/latex/adjustbox/trimclip.sty
Package: trimclip 2012/05/16 v1.0 Trim and clip general TeX material

(/usr/local/texlive/2015/texmf-dist/tex/latex/collectbox/collectbox.sty
Package: collectbox 2012/05/17 v0.4b Collect macro arguments as boxes
\collectedbox=\box26
)
\tc@llx=\dimen105
\tc@lly=\dimen106
\tc@urx=\dimen107
\tc@ury=\dimen108
Package trimclip Info: Using driver 'tc-pdftex.def'.

(/usr/local/texlive/2015/texmf-dist/tex/latex/adjustbox/tc-pdftex.def
File: tc-pdftex.def 2012/05/13 v1.0 Clipping driver for pdftex
))
\adjbox@Width=\dimen109
\adjbox@Height=\dimen110
\adjbox@Depth=\dimen111
\adjbox@Totalheight=\dimen112

(/usr/local/texlive/2015/texmf-dist/tex/latex/ifoddpage/ifoddpage.sty
Package: ifoddpage 2011/09/13 v1.0 Conditionals for odd/even page detection
\c@checkoddpage=\count89
)
(/usr/local/texlive/2015/texmf-dist/tex/latex/varwidth/varwidth.sty
Package: varwidth 2009/03/30 ver 0.92;  Variable-width minipages
\@vwid@box=\box27
\sift@deathcycles=\count90
\@vwid@loff=\dimen113
\@vwid@roff=\dimen114
))
(/usr/local/texlive/2015/texmf-dist/tex/latex/xcolor/xcolor.sty
Package: xcolor 2007/01/21 v2.11 LaTeX color extensions (UK)

(/usr/local/texlive/2015/texmf-dist/tex/latex/latexconfig/color.cfg
File: color.cfg 2007/01/18 v1.5 color configuration of teTeX/TeXLive
)
Package xcolor Info: Driver file: pdftex.def on input line 225.
Package xcolor Info: Model `cmy' substituted by `cmy0' on input line 1337.
Package xcolor Info: Model `hsb' substituted by `rgb' on input line 1341.
Package xcolor Info: Model `RGB' extended on input line 1353.
Package xcolor Info: Model `HTML' substituted by `rgb' on input line 1355.
Package xcolor Info: Model `Hsb' substituted by `hsb' on input line 1356.
Package xcolor Info: Model `tHsb' substituted by `hsb' on input line 1357.
Package xcolor Info: Model `HSB' substituted by `hsb' on input line 1358.
Package xcolor Info: Model `Gray' substituted by `gray' on input line 1359.
Package xcolor Info: Model `wave' substituted by `hsb' on input line 1360.
)
(/usr/local/texlive/2015/texmf-dist/tex/latex/tools/enumerate.sty
Package: enumerate 2014/10/28 v3.00 enumerate extensions (DPC)
\@enLab=\toks19
)
(/usr/local/texlive/2015/texmf-dist/tex/latex/geometry/geometry.sty
Package: geometry 2010/09/12 v5.6 Page Geometry

(/usr/local/texlive/2015/texmf-dist/tex/generic/oberdiek/ifpdf.sty
Package: ifpdf 2011/01/30 v2.3 Provides the ifpdf switch (HO)
Package ifpdf Info: pdfTeX in PDF mode is detected.
)
(/usr/local/texlive/2015/texmf-dist/tex/generic/oberdiek/ifvtex.sty
Package: ifvtex 2010/03/01 v1.5 Detect VTeX and its facilities (HO)
Package ifvtex Info: VTeX not detected.
)
(/usr/local/texlive/2015/texmf-dist/tex/generic/ifxetex/ifxetex.sty
Package: ifxetex 2010/09/12 v0.6 Provides ifxetex conditional
)
\Gm@cnth=\count91
\Gm@cntv=\count92
\c@Gm@tempcnt=\count93
\Gm@bindingoffset=\dimen115
\Gm@wd@mp=\dimen116
\Gm@odd@mp=\dimen117
\Gm@even@mp=\dimen118
\Gm@layoutwidth=\dimen119
\Gm@layoutheight=\dimen120
\Gm@layouthoffset=\dimen121
\Gm@layoutvoffset=\dimen122
\Gm@dimlist=\toks20
)
(/usr/local/texlive/2015/texmf-dist/tex/latex/amsmath/amsmath.sty
Package: amsmath 2013/01/14 v2.14 AMS math features
\@mathmargin=\skip43

For additional information on amsmath, use the `?' option.
(/usr/local/texlive/2015/texmf-dist/tex/latex/amsmath/amstext.sty
Package: amstext 2000/06/29 v2.01

(/usr/local/texlive/2015/texmf-dist/tex/latex/amsmath/amsgen.sty
File: amsgen.sty 1999/11/30 v2.0
\@emptytoks=\toks21
\ex@=\dimen123
))
(/usr/local/texlive/2015/texmf-dist/tex/latex/amsmath/amsbsy.sty
Package: amsbsy 1999/11/29 v1.2d
\pmbraise@=\dimen124
)
(/usr/local/texlive/2015/texmf-dist/tex/latex/amsmath/amsopn.sty
Package: amsopn 1999/12/14 v2.01 operator names
)
\inf@bad=\count94
LaTeX Info: Redefining \frac on input line 210.
\uproot@=\count95
\leftroot@=\count96
LaTeX Info: Redefining \overline on input line 306.
\classnum@=\count97
\DOTSCASE@=\count98
LaTeX Info: Redefining \ldots on input line 378.
LaTeX Info: Redefining \dots on input line 381.
LaTeX Info: Redefining \cdots on input line 466.
\Mathstrutbox@=\box28
\strutbox@=\box29
\big@size=\dimen125
LaTeX Font Info:    Redeclaring font encoding OML on input line 566.
LaTeX Font Info:    Redeclaring font encoding OMS on input line 567.
\macc@depth=\count99
\c@MaxMatrixCols=\count100
\dotsspace@=\muskip10
\c@parentequation=\count101
\dspbrk@lvl=\count102
\tag@help=\toks22
\row@=\count103
\column@=\count104
\maxfields@=\count105
\andhelp@=\toks23
\eqnshift@=\dimen126
\alignsep@=\dimen127
\tagshift@=\dimen128
\tagwidth@=\dimen129
\totwidth@=\dimen130
\lineht@=\dimen131
\@envbody=\toks24
\multlinegap=\skip44
\multlinetaggap=\skip45
\mathdisplay@stack=\toks25
LaTeX Info: Redefining \[ on input line 2665.
LaTeX Info: Redefining \] on input line 2666.
)
(/usr/local/texlive/2015/texmf-dist/tex/latex/amsfonts/amssymb.sty
Package: amssymb 2013/01/14 v3.01 AMS font symbols

(/usr/local/texlive/2015/texmf-dist/tex/latex/amsfonts/amsfonts.sty
Package: amsfonts 2013/01/14 v3.01 Basic AMSFonts support
\symAMSa=\mathgroup4
\symAMSb=\mathgroup5
LaTeX Font Info:    Overwriting math alphabet `\mathfrak' in version `bold'
(Font)                  U/euf/m/n --> U/euf/b/n on input line 106.
))
(/usr/local/texlive/2015/texmf-dist/tex/latex/base/textcomp.sty
Package: textcomp 2005/09/27 v1.99g Standard LaTeX package
Package textcomp Info: Sub-encoding information:
(textcomp)               5 = only ISO-Adobe without \textcurrency
(textcomp)               4 = 5 + \texteuro
(textcomp)               3 = 4 + \textohm
(textcomp)               2 = 3 + \textestimated + \textcurrency
(textcomp)               1 = TS1 - \textcircled - \t
(textcomp)               0 = TS1 (full)
(textcomp)             Font families with sub-encoding setting implement
(textcomp)             only a restricted character set as indicated.
(textcomp)             Family '?' is the default used for unknown fonts.
(textcomp)             See the documentation for details.
Package textcomp Info: Setting ? sub-encoding to TS1/1 on input line 79.

(/usr/local/texlive/2015/texmf-dist/tex/latex/base/ts1enc.def
File: ts1enc.def 2001/06/05 v3.0e (jk/car/fm) Standard LaTeX file
)
LaTeX Info: Redefining \oldstylenums on input line 334.
Package textcomp Info: Setting cmr sub-encoding to TS1/0 on input line 349.
Package textcomp Info: Setting cmss sub-encoding to TS1/0 on input line 350.
Package textcomp Info: Setting cmtt sub-encoding to TS1/0 on input line 351.
Package textcomp Info: Setting cmvtt sub-encoding to TS1/0 on input line 352.
Package textcomp Info: Setting cmbr sub-encoding to TS1/0 on input line 353.
Package textcomp Info: Setting cmtl sub-encoding to TS1/0 on input line 354.
Package textcomp Info: Setting ccr sub-encoding to TS1/0 on input line 355.
Package textcomp Info: Setting ptm sub-encoding to TS1/4 on input line 356.
Package textcomp Info: Setting pcr sub-encoding to TS1/4 on input line 357.
Package textcomp Info: Setting phv sub-encoding to TS1/4 on input line 358.
Package textcomp Info: Setting ppl sub-encoding to TS1/3 on input line 359.
Package textcomp Info: Setting pag sub-encoding to TS1/4 on input line 360.
Package textcomp Info: Setting pbk sub-encoding to TS1/4 on input line 361.
Package textcomp Info: Setting pnc sub-encoding to TS1/4 on input line 362.
Package textcomp Info: Setting pzc sub-encoding to TS1/4 on input line 363.
Package textcomp Info: Setting bch sub-encoding to TS1/4 on input line 364.
Package textcomp Info: Setting put sub-encoding to TS1/5 on input line 365.
Package textcomp Info: Setting uag sub-encoding to TS1/5 on input line 366.
Package textcomp Info: Setting ugq sub-encoding to TS1/5 on input line 367.
Package textcomp Info: Setting ul8 sub-encoding to TS1/4 on input line 368.
Package textcomp Info: Setting ul9 sub-encoding to TS1/4 on input line 369.
Package textcomp Info: Setting augie sub-encoding to TS1/5 on input line 370.
Package textcomp Info: Setting dayrom sub-encoding to TS1/3 on input line 371.
Package textcomp Info: Setting dayroms sub-encoding to TS1/3 on input line 372.
Package textcomp Info: Setting pxr sub-encoding to TS1/0 on input line 373.
Package textcomp Info: Setting pxss sub-encoding to TS1/0 on input line 374.
Package textcomp Info: Setting pxtt sub-encoding to TS1/0 on input line 375.
Package textcomp Info: Setting txr sub-encoding to TS1/0 on input line 376.
Package textcomp Info: Setting txss sub-encoding to TS1/0 on input line 377.
Package textcomp Info: Setting txtt sub-encoding to TS1/0 on input line 378.
Package textcomp Info: Setting lmr sub-encoding to TS1/0 on input line 379.
Package textcomp Info: Setting lmdh sub-encoding to TS1/0 on input line 380.
Package textcomp Info: Setting lmss sub-encoding to TS1/0 on input line 381.
Package textcomp Info: Setting lmssq sub-encoding to TS1/0 on input line 382.
Package textcomp Info: Setting lmvtt sub-encoding to TS1/0 on input line 383.
Package textcomp Info: Setting lmtt sub-encoding to TS1/0 on input line 384.
Package textcomp Info: Setting qhv sub-encoding to TS1/0 on input line 385.
Package textcomp Info: Setting qag sub-encoding to TS1/0 on input line 386.
Package textcomp Info: Setting qbk sub-encoding to TS1/0 on input line 387.
Package textcomp Info: Setting qcr sub-encoding to TS1/0 on input line 388.
Package textcomp Info: Setting qcs sub-encoding to TS1/0 on input line 389.
Package textcomp Info: Setting qpl sub-encoding to TS1/0 on input line 390.
Package textcomp Info: Setting qtm sub-encoding to TS1/0 on input line 391.
Package textcomp Info: Setting qzc sub-encoding to TS1/0 on input line 392.
Package textcomp Info: Setting qhvc sub-encoding to TS1/0 on input line 393.
Package textcomp Info: Setting futs sub-encoding to TS1/4 on input line 394.
Package textcomp Info: Setting futx sub-encoding to TS1/4 on input line 395.
Package textcomp Info: Setting futj sub-encoding to TS1/4 on input line 396.
Package textcomp Info: Setting hlh sub-encoding to TS1/3 on input line 397.
Package textcomp Info: Setting hls sub-encoding to TS1/3 on input line 398.
Package textcomp Info: Setting hlst sub-encoding to TS1/3 on input line 399.
Package textcomp Info: Setting hlct sub-encoding to TS1/5 on input line 400.
Package textcomp Info: Setting hlx sub-encoding to TS1/5 on input line 401.
Package textcomp Info: Setting hlce sub-encoding to TS1/5 on input line 402.
Package textcomp Info: Setting hlcn sub-encoding to TS1/5 on input line 403.
Package textcomp Info: Setting hlcw sub-encoding to TS1/5 on input line 404.
Package textcomp Info: Setting hlcf sub-encoding to TS1/5 on input line 405.
Package textcomp Info: Setting pplx sub-encoding to TS1/3 on input line 406.
Package textcomp Info: Setting pplj sub-encoding to TS1/3 on input line 407.
Package textcomp Info: Setting ptmx sub-encoding to TS1/4 on input line 408.
Package textcomp Info: Setting ptmj sub-encoding to TS1/4 on input line 409.
)
(/usr/local/texlive/2015/texmf-dist/tex/latex/eurosym/eurosym.sty
Package: eurosym 1998/08/06 v1.1 European currency symbol ``Euro''
\@eurobox=\box30
)
(/usr/local/texlive/2015/texmf-dist/tex/latex/ucs/ucs.sty
Package: ucs 2013/05/11 v2.2 UCS: Unicode input support

(/usr/local/texlive/2015/texmf-dist/tex/latex/ucs/data/uni-global.def
File: uni-global.def 2013/05/13 UCS: Unicode global data
)
\uc@secondtry=\count106
\uc@combtoks=\toks26
\uc@combtoksb=\toks27
\uc@temptokena=\toks28
)
(/usr/local/texlive/2015/texmf-dist/tex/latex/fancyvrb/fancyvrb.sty
Package: fancyvrb 2008/02/07

Style option: `fancyvrb' v2.7a, with DG/SPQR fixes, and firstline=lastline fix 
<2008/02/07> (tvz)
\FV@CodeLineNo=\count107
\FV@InFile=\read1
\FV@TabBox=\box31
\c@FancyVerbLine=\count108
\FV@StepNumber=\count109
\FV@OutFile=\write3
)
(/usr/local/texlive/2015/texmf-dist/tex/latex/oberdiek/grffile.sty
Package: grffile 2012/04/05 v1.16 Extended file name support for graphics (HO)

(/usr/local/texlive/2015/texmf-dist/tex/latex/oberdiek/kvoptions.sty
Package: kvoptions 2011/06/30 v3.11 Key value format for package options (HO)

(/usr/local/texlive/2015/texmf-dist/tex/generic/oberdiek/kvsetkeys.sty
Package: kvsetkeys 2012/04/25 v1.16 Key value parser (HO)

(/usr/local/texlive/2015/texmf-dist/tex/generic/oberdiek/etexcmds.sty
Package: etexcmds 2011/02/16 v1.5 Avoid name clashes with e-TeX commands (HO)

(/usr/local/texlive/2015/texmf-dist/tex/generic/oberdiek/ifluatex.sty
Package: ifluatex 2010/03/01 v1.3 Provides the ifluatex switch (HO)
Package ifluatex Info: LuaTeX detected.
))))
(/usr/local/texlive/2015/texmf-dist/tex/generic/oberdiek/pdftexcmds.sty
Package: pdftexcmds 2011/11/29 v0.20 Utility functions of pdfTeX for LuaTeX (HO)

Package pdftexcmds Info: \pdf@primitive is available.
Package pdftexcmds Info: \pdf@ifprimitive is available.
Package pdftexcmds Info: \pdfdraftmode found.

(/usr/local/texlive/2015/texmf-dist/tex/generic/oberdiek/luatex-loader.sty
Package: luatex-loader 2010/03/09 v0.4 Lua module loader (HO)

(/usr/local/texlive/2015/texmf-dist/scripts/oberdiek/oberdiek.luatex.lua))
\pdftexcmds@toks=\toks29
)
Package grffile Info: Option `multidot' is set to `true'.
Package grffile Info: Option `extendedchars' is set to `false'.
Package grffile Info: Option `space' is set to `true'.
Package grffile Info: \Gin@ii of package `graphicx' fixed on input line 486.
)
(/usr/local/texlive/2015/texmf-dist/tex/latex/hyperref/hyperref.sty
Package: hyperref 2012/11/06 v6.83m Hypertext links for LaTeX

(/usr/local/texlive/2015/texmf-dist/tex/generic/oberdiek/hobsub-hyperref.sty
Package: hobsub-hyperref 2012/05/28 v1.13 Bundle oberdiek, subset hyperref (HO)

(/usr/local/texlive/2015/texmf-dist/tex/generic/oberdiek/hobsub-generic.sty
Package: hobsub-generic 2012/05/28 v1.13 Bundle oberdiek, subset generic (HO)
Package: hobsub 2012/05/28 v1.13 Construct package bundles (HO)
Package hobsub Info: Skipping package `infwarerr' (already loaded).
Package hobsub Info: Skipping package `ltxcmds' (already loaded).
Package hobsub Info: Skipping package `ifluatex' (already loaded).
Package hobsub Info: Skipping package `ifvtex' (already loaded).
Package: intcalc 2007/09/27 v1.1 Expandable calculations with integers (HO)
Package hobsub Info: Skipping package `ifpdf' (already loaded).
Package hobsub Info: Skipping package `etexcmds' (already loaded).
Package hobsub Info: Skipping package `kvsetkeys' (already loaded).
Package: kvdefinekeys 2011/04/07 v1.3 Define keys (HO)
Package hobsub Info: Skipping package `luatex-loader' (already loaded).
Package hobsub Info: Skipping package `pdftexcmds' (already loaded).
Package: pdfescape 2011/11/25 v1.13 Implements pdfTeX's escape features (HO)
Package: bigintcalc 2012/04/08 v1.3 Expandable calculations on big integers (HO)

Package: bitset 2011/01/30 v1.1 Handle bit-vector datatype (HO)
Package: uniquecounter 2011/01/30 v1.2 Provide unlimited unique counter (HO)
)
Package hobsub Info: Skipping package `hobsub' (already loaded).
Package: letltxmacro 2010/09/02 v1.4 Let assignment for LaTeX macros (HO)
Package: hopatch 2012/05/28 v1.2 Wrapper for package hooks (HO)
Package: xcolor-patch 2011/01/30 xcolor patch
Package: atveryend 2011/06/30 v1.8 Hooks at the very end of document (HO)
Package atveryend Info: \enddocument detected (standard20110627).
Package: atbegshi 2011/10/05 v1.16 At begin shipout hook (HO)
Package: refcount 2011/10/16 v3.4 Data extraction from label references (HO)
Package: hycolor 2011/01/30 v1.7 Color options for hyperref/bookmark (HO)
)
(/usr/local/texlive/2015/texmf-dist/tex/latex/oberdiek/auxhook.sty
Package: auxhook 2011/03/04 v1.3 Hooks for auxiliary files (HO)
)
\@linkdim=\dimen132
\Hy@linkcounter=\count110
\Hy@pagecounter=\count111

(/usr/local/texlive/2015/texmf-dist/tex/latex/hyperref/pd1enc.def
File: pd1enc.def 2012/11/06 v6.83m Hyperref: PDFDocEncoding definition (HO)
)
\Hy@SavedSpaceFactor=\count112

(/usr/local/texlive/2015/texmf-dist/tex/latex/latexconfig/hyperref.cfg
File: hyperref.cfg 2002/06/06 v1.2 hyperref configuration of TeXLive
)
Package hyperref Info: Hyper figures OFF on input line 4443.
Package hyperref Info: Link nesting OFF on input line 4448.
Package hyperref Info: Hyper index ON on input line 4451.
Package hyperref Info: Plain pages OFF on input line 4458.
Package hyperref Info: Backreferencing OFF on input line 4463.
Package hyperref Info: Implicit mode ON; LaTeX internals redefined.
Package hyperref Info: Bookmarks ON on input line 4688.
\c@Hy@tempcnt=\count113

(/usr/local/texlive/2015/texmf-dist/tex/latex/url/url.sty
\Urlmuskip=\muskip11
Package: url 2013/09/16  ver 3.4  Verb mode for urls, etc.
)
LaTeX Info: Redefining \url on input line 5041.
\XeTeXLinkMargin=\dimen133
\Fld@menulength=\count114
\Field@Width=\dimen134
\Fld@charsize=\dimen135
Package hyperref Info: Hyper figures OFF on input line 6295.
Package hyperref Info: Link nesting OFF on input line 6300.
Package hyperref Info: Hyper index ON on input line 6303.
Package hyperref Info: backreferencing OFF on input line 6310.
Package hyperref Info: Link coloring OFF on input line 6315.
Package hyperref Info: Link coloring with OCG OFF on input line 6320.
Package hyperref Info: PDF/A mode OFF on input line 6325.
LaTeX Info: Redefining \ref on input line 6365.
LaTeX Info: Redefining \pageref on input line 6369.
\Hy@abspage=\count115
\c@Item=\count116
\c@Hfootnote=\count117
)

Package hyperref Message: Driver (autodetected): hpdftex.

(/usr/local/texlive/2015/texmf-dist/tex/latex/hyperref/hpdftex.def
File: hpdftex.def 2012/11/06 v6.83m Hyperref driver for pdfTeX
\Fld@listcount=\count118
\c@bookmark@seq@number=\count119

(/usr/local/texlive/2015/texmf-dist/tex/latex/oberdiek/rerunfilecheck.sty
Package: rerunfilecheck 2011/04/15 v1.7 Rerun checks for auxiliary files (HO)
Package uniquecounter Info: New unique counter `rerunfilecheck' on input line 28
2.
)
\Hy@SectionHShift=\skip46
)
(/usr/local/texlive/2015/texmf-dist/tex/latex/tools/longtable.sty
Package: longtable 2014/10/28 v4.11 Multi-page Table package (DPC)
\LTleft=\skip47
\LTright=\skip48
\LTpre=\skip49
\LTpost=\skip50
\LTchunksize=\count120
\LTcapwidth=\dimen136
\LT@head=\box32
\LT@firsthead=\box33
\LT@foot=\box34
\LT@lastfoot=\box35
\LT@cols=\count121
\LT@rows=\count122
\c@LT@tables=\count123
\c@LT@chunks=\count124
\LT@p@ftn=\toks30
)
(/usr/local/texlive/2015/texmf-dist/tex/latex/booktabs/booktabs.sty
Package: booktabs 2005/04/14 v1.61803 publication quality tables
\heavyrulewidth=\dimen137
\lightrulewidth=\dimen138
\cmidrulewidth=\dimen139
\belowrulesep=\dimen140
\belowbottomsep=\dimen141
\aboverulesep=\dimen142
\abovetopsep=\dimen143
\cmidrulesep=\dimen144
\cmidrulekern=\dimen145
\defaultaddspace=\dimen146
\@cmidla=\count125
\@cmidlb=\count126
\@aboverulesep=\dimen147
\@belowrulesep=\dimen148
\@thisruleclass=\count127
\@lastruleclass=\count128
\@thisrulewidth=\dimen149
)
(/usr/local/texlive/2015/texmf-dist/tex/generic/ulem/ulem.sty
\UL@box=\box36
\UL@hyphenbox=\box37
\UL@skip=\skip51
\UL@hook=\toks31
\UL@height=\dimen150
\UL@pe=\count129
\UL@pixel=\dimen151
\ULC@box=\box38
Package: ulem 2012/05/18
\ULdepth=\dimen152
)
Package hyperref Info: Option `breaklinks' set `true' on input line 239.
Package hyperref Info: Option `colorlinks' set `true' on input line 239.

(./HW4_report.aux)
\openout1 = HW4_report.aux

LaTeX Font Info:    Checking defaults for OML/cmm/m/it on input line 246.
LaTeX Font Info:    ... okay on input line 246.
LaTeX Font Info:    Checking defaults for T1/cmr/m/n on input line 246.
LaTeX Font Info:    ... okay on input line 246.
LaTeX Font Info:    Checking defaults for OT1/cmr/m/n on input line 246.
LaTeX Font Info:    ... okay on input line 246.
LaTeX Font Info:    Checking defaults for OMS/cmsy/m/n on input line 246.
LaTeX Font Info:    ... okay on input line 246.
LaTeX Font Info:    Checking defaults for OMX/cmex/m/n on input line 246.
LaTeX Font Info:    ... okay on input line 246.
LaTeX Font Info:    Checking defaults for U/cmr/m/n on input line 246.
LaTeX Font Info:    ... okay on input line 246.
LaTeX Font Info:    Checking defaults for TS1/cmr/m/n on input line 246.
LaTeX Font Info:    Try loading font information for TS1+cmr on input line 246.
 (/usr/local/texlive/2015/texmf-dist/tex/latex/base/ts1cmr.fd
File: ts1cmr.fd 2014/09/29 v2.5h Standard LaTeX font definitions
)
LaTeX Font Info:    ... okay on input line 246.
LaTeX Font Info:    Checking defaults for PD1/pdf/m/n on input line 246.
LaTeX Font Info:    ... okay on input line 246.
 (/usr/local/texlive/2015/texmf-dist/tex/context/base/supp-pdf.mkii
[Loading MPS to PDF converter (version 2006.09.02).]
\scratchcounter=\count130
\scratchdimen=\dimen153
\scratchbox=\box39
\nofMPsegments=\count131
\nofMParguments=\count132
\everyMPshowfont=\toks32
\MPscratchCnt=\count133
\MPscratchDim=\dimen154
\MPnumerator=\count134
\makeMPintoPDFobject=\count135
\everyMPtoPDFconversion=\toks33
) (/usr/local/texlive/2015/texmf-dist/tex/latex/oberdiek/epstopdf-base.sty
Package: epstopdf-base 2010/02/09 v2.5 Base part for package epstopdf

(/usr/local/texlive/2015/texmf-dist/tex/latex/oberdiek/grfext.sty
Package: grfext 2010/08/19 v1.1 Manage graphics extensions (HO)
)
Package grfext Info: Graphics extension search list:
(grfext)             [.png,.pdf,.jpg,.mps,.tif,.jpeg,.PNG,.PDF,.JPG,.JPEG,.eps]
(grfext)             \AppendGraphicsExtensions on input line 452.

(/usr/local/texlive/2015/texmf-dist/tex/latex/latexconfig/epstopdf-sys.cfg
File: epstopdf-sys.cfg 2010/07/13 v1.3 Configuration of (r)epstopdf for TeX Live

))
*geometry* driver: auto-detecting
*geometry* detected driver: pdftex

Package geometry Warning: The marginal notes overrun the paper.
     Add 3.73001pt and more to the right margin.

*geometry* verbose mode - [ preamble ] result:
* driver: pdftex
* paper: <default>
* layout: <same size as paper>
* layoutoffset:(h,v)=(0.0pt,0.0pt)
* modes: 
* h-part:(L,W,R)=(72.26999pt, 469.75502pt, 72.26999pt)
* v-part:(T,H,B)=(72.26999pt, 650.43001pt, 72.26999pt)
* \paperwidth=614.295pt
* \paperheight=794.96999pt
* \textwidth=469.75502pt
* \textheight=650.43001pt
* \oddsidemargin=0.0pt
* \evensidemargin=0.0pt
* \topmargin=-37.0pt
* \headheight=12.0pt
* \headsep=25.0pt
* \topskip=10.0pt
* \footskip=30.0pt
* \marginparwidth=65.0pt
* \marginparsep=11.0pt
* \columnsep=10.0pt
* \skip\footins=9.0pt plus 4.0pt minus 2.0pt
* \hoffset=0.0pt
* \voffset=0.0pt
* \mag=1000
* \@twocolumnfalse
* \@twosidefalse
* \@mparswitchfalse
* \@reversemarginfalse
* (1in=72.27pt=25.4mm, 1cm=28.453pt)

(/usr/local/texlive/2015/texmf-dist/tex/latex/ucs/ucsencs.def
File: ucsencs.def 2011/01/21 Fixes to fontencodings LGR, T3
)
\AtBeginShipoutBox=\box40
Package hyperref Info: Link coloring ON on input line 246.

(/usr/local/texlive/2015/texmf-dist/tex/latex/hyperref/nameref.sty
Package: nameref 2012/10/27 v2.43 Cross-referencing by name of section

(/usr/local/texlive/2015/texmf-dist/tex/generic/oberdiek/gettitlestring.sty
Package: gettitlestring 2010/12/03 v1.4 Cleanup title references (HO)
)
\c@section@level=\count136
)
LaTeX Info: Redefining \ref on input line 246.
LaTeX Info: Redefining \pageref on input line 246.
LaTeX Info: Redefining \nameref on input line 246.

(./HW4_report.out) (./HW4_report.out)
\@outlinefile=\write4

\openout4 = HW4_report.out
LaTeX Font Info:    Try loading font information for U+msa on input line 250.

(/usr/local/texlive/2015/texmf-dist/tex/latex/amsfonts/umsa.fd
File: umsa.fd 2013/01/14 v3.01 AMS symbols A
)
LaTeX Font Info:    Try loading font information for U+msb on input line 250.

(/usr/local/texlive/2015/texmf-dist/tex/latex/amsfonts/umsb.fd
File: umsb.fd 2013/01/14 v3.01 AMS symbols B
)

LaTeX Warning: No \author given.

LaTeX Font Info:    Font shape `OT1/cmtt/bx/n' in size <10> not available
(Font)              Font shape `OT1/cmtt/m/n' tried instead on input line 302.
[1

{/usr/local/texlive/2015/texmf-var/fonts/map/pdftex/updmap/pdftex.map}]
[2] [3]

Package longtable Warning: Column widths have changed
(longtable)                in table 1 on input line 528.

[4] <HW4_report_files/HW4_report_33_0.png, id=42, 412.54124pt x 282.05376pt>
File: HW4_report_files/HW4_report_33_0.png Graphic file (type png)

<use HW4_report_files/HW4_report_33_0.png>
Package pdftex.def Info: HW4_report_files/HW4_report_33_0.png used on input line
 592.
(pdftex.def)             Requested size: 412.54024pt x 282.05305pt.

Underfull \hbox (badness 10000) in paragraph at lines 594--595

 []

[5<./HW4_report_files/HW4_report_33_0.png>]
Underfull \hbox (badness 1565) in paragraph at lines 690--697
[][]\OT1/cmr/m/n/10 All things con-sid-ered, * the value of $\OML/cmm/m/it/10 R
\OT1/cmr/m/n/10 (\OML/cmm/m/it/10 w[]\OT1/cmr/m/n/10 )$ is 1.9883724141284105, 
* the value of $\OML/cmm/m/it/10 []$ \OT1/cmr/m/n/10 is (
 []


Underfull \hbox (badness 2245) in paragraph at lines 690--697
\OT1/cmr/m/n/10 * the value of $\OML/cmm/m/it/10 []$ \OT1/cmr/m/n/10 is (0.896
93957, 0.54082713, 0.56598026, 0.15000896), * the value of $\OML/cmm/m/it/10 w[
]$ \OT1/cmr/m/n/10 is
 []

[6] [7] [8] [9] [10] [11] [12] [13] [14] [15] [16] [17] [18] [19] [20] [21]
[22] [23] [24] [25] [26] [27] [28] [29] [30] [31] [32] [33] [34] [35] [36]
[37] [38] [39] [40] [41] [42] [43]
<HW4_report_files/HW4_report_61_0.png, id=213, 407.5225pt x 282.05376pt>
File: HW4_report_files/HW4_report_61_0.png Graphic file (type png)

<use HW4_report_files/HW4_report_61_0.png>
Package pdftex.def Info: HW4_report_files/HW4_report_61_0.png used on input line
 2818.
(pdftex.def)             Requested size: 407.5215pt x 282.05305pt.
 [44]
Underfull \hbox (badness 10000) in paragraph at lines 2820--2821

 []

Missing character: There is no − (U+2212) in font cmr10!
Missing character: There is no − (U+2212) in font cmr7!
Missing character: There is no − (U+2212) in font cmr7!
[45<./HW4_report_files/HW4_report_61_0.png>] [46] [47] [48] [49] [50] [51]
[52] [53] [54] [55] [56] [57] [58] [59] [60] [61] [62] [63] [64] [65] [66]
[67] [68] [69] [70] [71] [72] [73] [74] [75] [76] [77] [78] [79] [80] [81]
<HW4_report_files/HW4_report_65_0.png, id=372, 407.5225pt x 282.05376pt>
File: HW4_report_files/HW4_report_65_0.png Graphic file (type png)

<use HW4_report_files/HW4_report_65_0.png>
Package pdftex.def Info: HW4_report_files/HW4_report_65_0.png used on input line
 4847.
(pdftex.def)             Requested size: 407.5215pt x 282.05305pt.
 [82]
Underfull \hbox (badness 10000) in paragraph at lines 4849--4850

 []

Missing character: There is no − (U+2212) in font cmr10!
Missing character: There is no − (U+2212) in font cmr7!
Missing character: There is no − (U+2212) in font cmr7!
[83<./HW4_report_files/HW4_report_65_0.png>] [84] [85] [86] [87] [88] [89]
[90] [91] [92] [93] [94] [95] [96] [97] [98] [99] [100] [101] [102] [103]
[104] [105] [106] [107] [108] [109] [110] [111] [112] [113] [114] [115]
[116] [117] [118] [119]
<HW4_report_files/HW4_report_69_0.png, id=530, 407.5225pt x 282.05376pt>
File: HW4_report_files/HW4_report_69_0.png Graphic file (type png)

<use HW4_report_files/HW4_report_69_0.png>
Package pdftex.def Info: HW4_report_files/HW4_report_69_0.png used on input line
 6876.
(pdftex.def)             Requested size: 407.5215pt x 282.05305pt.
 [120]
Underfull \hbox (badness 10000) in paragraph at lines 6878--6879

 []

[121<./HW4_report_files/HW4_report_69_0.png>] [122] [123] [124] [125] [126]
[127] [128] [129] [130] [131] [132] [133] [134] [135] [136] [137] [138]
[139] [140] [141] [142] [143] [144] [145] [146] [147] [148] [149] [150]
[151] [152] [153] [154] [155] [156] [157] [158] [159] [160] [161] [162]
[163] [164] [165] [166] [167] [168] [169] [170] [171] [172] [173] [174]
[175] [176]
<HW4_report_files/HW4_report_77_0.png, id=769, 407.5225pt x 282.05376pt>
File: HW4_report_files/HW4_report_77_0.png Graphic file (type png)

<use HW4_report_files/HW4_report_77_0.png>
Package pdftex.def Info: HW4_report_files/HW4_report_77_0.png used on input line
 9935.
(pdftex.def)             Requested size: 407.5215pt x 282.05305pt.
 [177]
Underfull \hbox (badness 10000) in paragraph at lines 9937--9938

 []

[178<./HW4_report_files/HW4_report_77_0.png>] [179] [180] [181] [182] [183]
[184] [185] [186] [187] [188] [189] [190] [191] [192] [193] [194] [195]
[196] [197] [198] [199] [200] [201] [202] [203] [204] [205] [206] [207]
[208] [209] [210] [211] [212] [213] [214] [215] [216] [217] [218] [219]
[220] [221] [222] [223] [224] [225] [226] [227] [228] [229] [230] [231]
[232] [233]
<HW4_report_files/HW4_report_82_0.png, id=1007, 407.5225pt x 282.05376pt>
File: HW4_report_files/HW4_report_82_0.png Graphic file (type png)

<use HW4_report_files/HW4_report_82_0.png>
Package pdftex.def Info: HW4_report_files/HW4_report_82_0.png used on input line
 12972.
(pdftex.def)             Requested size: 407.5215pt x 282.05305pt.

Underfull \hbox (badness 10000) in paragraph at lines 12974--12975

 []

[234<./HW4_report_files/HW4_report_82_0.png>] [235] [236] [237] [238] [239]
[240] [241] [242] [243] [244] [245] [246] [247] [248] [249] [250] [251]
[252] [253] [254] [255] [256] [257] [258] [259] [260] [261] [262] [263]
[264] [265] [266] [267] [268] [269] [270] [271] [272] [273] [274] [275]
[276] [277] [278] [279] [280] [281] [282] [283] [284] [285] [286] [287]
[288] [289]
<HW4_report_files/HW4_report_87_0.png, id=1239, 407.5225pt x 282.05376pt>
File: HW4_report_files/HW4_report_87_0.png Graphic file (type png)

<use HW4_report_files/HW4_report_87_0.png>
Package pdftex.def Info: HW4_report_files/HW4_report_87_0.png used on input line
 16009.
(pdftex.def)             Requested size: 407.5215pt x 282.05305pt.
 [290]
Underfull \hbox (badness 10000) in paragraph at lines 16011--16012

 []

[291<./HW4_report_files/HW4_report_87_0.png>] [292] [293] [294] [295] [296]
[297] [298] [299] [300] [301] [302] [303] [304] [305] [306] [307] [308]
[309] [310] [311] [312] [313] [314] [315] [316] [317] [318] [319] [320]
[321] [322] [323] [324] [325] [326] [327] [328] [329] [330] [331] [332]
[333] [334] [335] [336] [337] [338] [339] [340] [341] [342] [343] [344]
[345] [346]
<HW4_report_files/HW4_report_94_0.png, id=1479, 407.5225pt x 282.05376pt>
File: HW4_report_files/HW4_report_94_0.png Graphic file (type png)

<use HW4_report_files/HW4_report_94_0.png>
Package pdftex.def Info: HW4_report_files/HW4_report_94_0.png used on input line
 19065.
(pdftex.def)             Requested size: 407.5215pt x 282.05305pt.
 [347]
Underfull \hbox (badness 10000) in paragraph at lines 19067--19068

 []

[348<./HW4_report_files/HW4_report_94_0.png>] [349] [350] [351] [352] [353]
[354] [355] [356] [357] [358] [359] [360] [361] [362] [363] [364] [365]
[366] [367] [368] [369] [370] [371] [372] [373] [374] [375] [376] [377]
[378] [379] [380] [381] [382] [383] [384] [385] [386] [387] [388] [389]
[390] [391] [392] [393] [394] [395] [396] [397] [398] [399] [400] [401]
[402] [403]
<HW4_report_files/HW4_report_99_0.png, id=1717, 410.53375pt x 282.05376pt>
File: HW4_report_files/HW4_report_99_0.png Graphic file (type png)

<use HW4_report_files/HW4_report_99_0.png>
Package pdftex.def Info: HW4_report_files/HW4_report_99_0.png used on input line
 22105.
(pdftex.def)             Requested size: 410.53275pt x 282.05305pt.

Underfull \hbox (badness 10000) in paragraph at lines 22107--22108

 []

[404<./HW4_report_files/HW4_report_99_0.png>] [405] [406] [407] [408] [409]
[410] [411] [412] [413] [414] [415] [416] [417] [418] [419] [420] [421]
[422] [423] [424] [425] [426] [427] [428] [429] [430] [431] [432] [433]
[434] [435] [436] [437] [438] [439] [440] [441] [442] [443] [444] [445]
[446] [447] [448] [449] [450] [451] [452] [453] [454] [455] [456] [457]
[458] [459]
<HW4_report_files/HW4_report_103_0.png, id=1949, 407.5225pt x 282.05376pt>
File: HW4_report_files/HW4_report_103_0.png Graphic file (type png)

<use HW4_report_files/HW4_report_103_0.png>
Package pdftex.def Info: HW4_report_files/HW4_report_103_0.png used on input lin
e 25136.
(pdftex.def)             Requested size: 407.5215pt x 282.05305pt.
 [460]
Underfull \hbox (badness 10000) in paragraph at lines 25138--25139

 []

[461<./HW4_report_files/HW4_report_103_0.png>] [462] [463] [464] [465] [466]
[467] [468] [469] [470] [471] [472] [473] [474] [475] [476] [477] [478]
[479] [480] [481] [482] [483] [484] [485] [486] [487] [488] [489] [490]
[491] [492] [493] [494] [495] [496] [497] [498] [499] [500] [501] [502]
[503] [504] [505] [506] [507] [508] [509] [510] [511] [512] [513] [514]
[515] [516] [517] [518] [519] [520] [521] [522] [523] [524] [525] [526]
[527] [528] [529] [530] [531] [532] [533] [534] [535] [536] [537] [538]
[539] [540] [541] [542] [543] [544] [545] [546] [547] [548] [549] [550]
[551] [552] [553] [554] [555] [556] [557] [558] [559] [560] [561] [562]
[563] [564] [565] [566] [567] [568] [569] [570] [571] [572] [573] [574]
[575] [576] [577] [578] [579] [580] [581] [582] [583] [584] [585] [586]
[587] [588] [589] [590] [591] [592] [593] [594] [595] [596] [597] [598]
[599] [600] [601] [602] [603] [604] [605] [606] [607] [608] [609] [610]
[611] [612] [613] [614] [615] [616] [617] [618] [619] [620] [621] [622]
[623] [624] [625] [626] [627] [628] [629] [630] [631] [632] [633] [634]
[635] [636] [637] [638] [639] [640] [641] [642] [643] [644] [645] [646]
[647] [648] [649] [650] [651] [652] [653] [654] [655] [656] [657] [658]
[659] [660] [661] [662] [663] [664] [665] [666] [667] [668] [669] [670]
[671] [672] [673] [674] [675] [676] [677] [678] [679] [680] [681] [682]
[683] [684] [685] [686] [687] [688] [689] [690] [691] [692] [693] [694]
[695] [696] [697] [698] [699] [700] [701] [702] [703] [704] [705] [706]
[707] [708] [709] [710] [711] [712] [713] [714] [715] [716] [717] [718]
[719] [720] [721] [722] [723] [724] [725] [726] [727] [728] [729] [730]
[731] [732] [733] [734] [735] [736] [737] [738] [739] [740] [741] [742]
[743] [744] [745] [746] [747] [748] [749] [750] [751] [752] [753] [754]
[755] [756] [757] [758] [759] [760] [761] [762] [763] [764] [765] [766]
[767] [768] [769] [770] [771] [772] [773] [774] [775] [776] [777] [778]
[779] [780] [781] [782] [783] [784] [785] [786] [787] [788] [789] [790]
[791] [792] [793] [794] [795] [796] [797] [798] [799] [800] [801] [802]
[803] [804] [805] [806] [807] [808] [809] [810] [811] [812] [813] [814]
[815] [816] [817] [818] [819] [820] [821] [822] [823] [824] [825] [826]
[827] [828] [829] [830] [831] [832] [833] [834] [835] [836] [837] [838]
[839] [840] [841] [842] [843] [844] [845] [846] [847] [848] [849] [850]
[851] [852] [853] [854] [855] [856] [857] [858] [859] [860] [861] [862]
[863] [864] [865] [866] [867] [868] [869] [870] [871] [872] [873] [874]
[875] [876] [877] [878] [879] [880] [881] [882] [883] [884] [885] [886]
[887] [888] [889] [890] [891] [892] [893] [894] [895] [896] [897] [898]
[899] [900] [901] [902] [903] [904] [905] [906] [907] [908] [909] [910]
[911] [912] [913] [914] [915] [916] [917] [918] [919] [920] [921] [922]
[923] [924] [925] [926] [927] [928] [929] [930] [931] [932] [933] [934]
[935] [936] [937] [938] [939] [940] [941] [942] [943] [944] [945] [946]
[947] [948] [949] [950] [951] [952] [953] [954] [955] [956] [957] [958]
[959] [960] [961] [962] [963] [964] [965] [966] [967] [968] [969] [970]
[971] [972] [973] [974] [975] [976] [977] [978] [979] [980] [981] [982]
[983] [984] [985] [986] [987] [988] [989] [990] [991] [992] [993] [994]
[995] [996] [997] [998] [999] [1000] [1001] [1002] [1003] [1004] [1005]
[1006] [1007] [1008] [1009] [1010] [1011] [1012] [1013] [1014] [1015] [1016]
[1017] [1018]
<HW4_report_files/HW4_report_126_0.png, id=4262, 410.53375pt x 282.05376pt>
File: HW4_report_files/HW4_report_126_0.png Graphic file (type png)

<use HW4_report_files/HW4_report_126_0.png>
Package pdftex.def Info: HW4_report_files/HW4_report_126_0.png used on input lin
e 55349.
(pdftex.def)             Requested size: 410.53275pt x 282.05305pt.

Underfull \hbox (badness 10000) in paragraph at lines 55351--55352

 []

[1019<./HW4_report_files/HW4_report_126_0.png>] [1020] [1021] [1022] [1023]
[1024] [1025] [1026] [1027] [1028] [1029] [1030] [1031] [1032] [1033] [1034]
[1035] [1036] [1037] [1038] [1039] [1040] [1041] [1042] [1043] [1044] [1045]
[1046] [1047] [1048] [1049] [1050] [1051] [1052] [1053] [1054] [1055] [1056]
[1057] [1058] [1059] [1060] [1061] [1062] [1063] [1064] [1065] [1066] [1067]
[1068] [1069] [1070] [1071] [1072] [1073] [1074] [1075] [1076] [1077] [1078]
[1079] [1080] [1081] [1082] [1083] [1084] [1085] [1086] [1087] [1088] [1089]
[1090] [1091] [1092] [1093] [1094] [1095] [1096] [1097] [1098] [1099] [1100]
[1101] [1102] [1103] [1104] [1105] [1106] [1107] [1108] [1109] [1110] [1111]
[1112] [1113] [1114] [1115] [1116] [1117] [1118] [1119] [1120] [1121] [1122]
[1123] [1124] [1125] [1126] [1127] [1128] [1129] [1130] [1131] [1132] [1133]
[1134] [1135] [1136] [1137] [1138] [1139] [1140] [1141] [1142] [1143] [1144]
[1145] [1146] [1147] [1148] [1149] [1150] [1151] [1152] [1153] [1154] [1155]
[1156] [1157] [1158] [1159] [1160] [1161] [1162] [1163] [1164] [1165] [1166]
[1167] [1168] [1169] [1170] [1171] [1172] [1173] [1174] [1175] [1176] [1177]
[1178] [1179] [1180] [1181] [1182] [1183] [1184] [1185] [1186] [1187] [1188]
[1189] [1190] [1191] [1192] [1193] [1194] [1195] [1196] [1197] [1198] [1199]
[1200] [1201] [1202] [1203] [1204] [1205] [1206] [1207] [1208] [1209] [1210]
[1211] [1212] [1213] [1214] [1215] [1216] [1217] [1218] [1219] [1220] [1221]
[1222] [1223] [1224] [1225] [1226] [1227] [1228] [1229] [1230] [1231] [1232]
[1233] [1234] [1235] [1236] [1237] [1238] [1239] [1240] [1241] [1242] [1243]
[1244] [1245] [1246] [1247] [1248] [1249] [1250] [1251] [1252] [1253] [1254]
[1255] [1256] [1257] [1258] [1259] [1260] [1261] [1262] [1263] [1264] [1265]
[1266] [1267] [1268] [1269] [1270] [1271] [1272] [1273] [1274] [1275] [1276]
[1277] [1278] [1279] [1280] [1281] [1282] [1283] [1284] [1285] [1286] [1287]
[1288] [1289] [1290] [1291] [1292] [1293] [1294] [1295] [1296] [1297] [1298]
[1299] [1300] [1301] [1302] [1303] [1304] [1305] [1306] [1307] [1308] [1309]
[1310] [1311] [1312] [1313] [1314] [1315] [1316] [1317] [1318] [1319] [1320]
[1321] [1322] [1323] [1324] [1325] [1326] [1327] [1328] [1329] [1330] [1331]
[1332] [1333] [1334] [1335] [1336] [1337] [1338] [1339] [1340] [1341] [1342]
[1343] [1344] [1345] [1346] [1347] [1348] [1349] [1350] [1351] [1352] [1353]
[1354] [1355] [1356] [1357] [1358] [1359] [1360] [1361] [1362] [1363] [1364]
[1365] [1366] [1367] [1368] [1369] [1370] [1371] [1372] [1373] [1374] [1375]
[1376] [1377] [1378] [1379] [1380] [1381] [1382] [1383] [1384] [1385] [1386]
[1387] [1388] [1389] [1390] [1391] [1392] [1393] [1394] [1395] [1396] [1397]
[1398] [1399] [1400] [1401] [1402] [1403] [1404] [1405] [1406] [1407] [1408]
[1409] [1410] [1411] [1412] [1413] [1414] [1415] [1416] [1417] [1418] [1419]
[1420] [1421] [1422] [1423] [1424] [1425] [1426] [1427] [1428] [1429] [1430]
[1431] [1432] [1433] [1434] [1435] [1436] [1437] [1438] [1439] [1440] [1441]
[1442] [1443] [1444] [1445] [1446] [1447] [1448] [1449] [1450] [1451] [1452]
[1453] [1454] [1455] [1456] [1457] [1458] [1459] [1460] [1461] [1462] [1463]
[1464] [1465] [1466] [1467] [1468] [1469] [1470] [1471] [1472] [1473] [1474]
[1475] [1476] [1477] [1478] [1479] [1480] [1481] [1482] [1483] [1484] [1485]
[1486] [1487] [1488] [1489] [1490] [1491] [1492] [1493] [1494] [1495] [1496]
[1497] [1498] [1499] [1500] [1501] [1502] [1503] [1504] [1505] [1506] [1507]
[1508] [1509] [1510] [1511] [1512] [1513] [1514] [1515] [1516] [1517] [1518]
[1519] [1520] [1521] [1522] [1523] [1524] [1525] [1526] [1527] [1528] [1529]
[1530] [1531] [1532] [1533] [1534] [1535] [1536] [1537] [1538] [1539] [1540]
[1541] [1542] [1543] [1544] [1545] [1546] [1547] [1548] [1549] [1550] [1551]
[1552] [1553] [1554] [1555] [1556] [1557] [1558] [1559] [1560] [1561] [1562]
[1563] [1564] [1565] [1566] [1567] [1568] [1569] [1570] [1571] [1572] [1573]
[1574]
<HW4_report_files/HW4_report_129_0.png, id=6561, 410.53375pt x 282.05376pt>
File: HW4_report_files/HW4_report_129_0.png Graphic file (type png)

<use HW4_report_files/HW4_report_129_0.png>
Package pdftex.def Info: HW4_report_files/HW4_report_129_0.png used on input lin
e 85377.
(pdftex.def)             Requested size: 410.53275pt x 282.05305pt.
 [1575]
Underfull \hbox (badness 10000) in paragraph at lines 85379--85380

 []

./HW4_report.tex:85382: Text line contains an invalid character.
l.85382 \(k(x; z) = x^\top z
                            + \rho\).}\label{repeat-the-same-experiment-with...
? 
./HW4_report.tex:85382: Emergency stop.
l.85382 \(k(x; z) = x^\top z
                            + \rho\).}\label{repeat-the-same-experiment-with...
End of file on the terminal!



Here is how much of LuaTeX's memory you used:
 11282 strings out of 494693
 100000,266212 words of node,token memory allocated 645 words of node memory still in use:
   16 hlist, 1 vlist, 3 rule, 19 glue, 1 kern, 8 penalty, 52 glue_spec, 1 action
, 2 local_par, 1 dir, 1 pdf_refximage, 6 pdf_colorstack nodes
   avail lists: 1:1,2:26,3:151,4:1314,5:198,6:2245,7:37,8:9,9:193,10:168
 12929 multiletter control sequences out of 65536+600000
 61 fonts using 2407727 bytes
 36i,8n,35p,508b,412s stack positions out of 5000i,500n,10000p,200000b,100000s
./HW4_report.tex:85382:  ==> Fatal error occurred, no output PDF file produced!
711] [1712]
[1713] [1714] [1715] [1716] [1717] [1718] [1719] [1720] [1721] [1722] [1723]
[1724] [1725] [1726] [1727] [1728] [1729] [1730] [1731] [1732] [1733] [1734]
[1735] [1736] [1737] [1738] [1739] [1740] [1741] [1742] [1743] [1744] [1745]
[1746] [1747] [1748] [1749] [1750] [1751] [1752] [1753] [1754] [1755] [1756]
[1757] [1758] [1759] [1760] [1761] [1762] [1763] [1764] [1765] [1766] [1767]
[1768] [1769] [1770] [1771] [1772] [1773] [1774] [1775] [1776] [1777] [1778]
[1779] [1780] [1781] [1782] [1783] [1784] [1785] [1786] [1787] [1788] [1789]
[1790] [1791] [1792] [1793] [1794] [1795] [1796] [1797] [1798] [1799] [1800]
[1801] [1802] [1803] [1804] [1805] [1806] [1807] [1808] [1809] [1810] [1811]
[1812] [1813] [1814] [1815] [1816] [1817] [1818] [1819] [1820] [1821] [1822]
[1823] [1824] [1825] [1826] [1827] [1828] [1829] [1830] [1831] [1832] [1833]
[1834] [1835] [1836] [1837] [1838] [1839] [1840] [1841] [1842] [1843] [1844]
[1845] [1846] [1847] [1848] [1849] [1850] [1851] [1852] [1853] [1854] [1855]
[1856] [1857] [1858] [1859] [1860] [1861] [1862] [1863] [1864] [1865] [1866]
[1867] [1868] [1869] [1870] [1871] [1872] [1873] [1874] [1875] [1876] [1877]
[1878] [1879] [1880] [1881] [1882] [1883] [1884] [1885] [1886] [1887] [1888]
[1889] [1890] [1891] [1892] [1893] [1894] [1895] [1896] [1897] [1898] [1899]
[1900] [1901] [1902] [1903] [1904] [1905] [1906] [1907] [1908] [1909] [1910]
[1911] [1912] [1913] [1914] [1915] [1916] [1917] [1918] [1919] [1920] [1921]
[1922] [1923] [1924] [1925] [1926] [1927] [1928] [1929] [1930] [1931] [1932]
[1933] [1934] [1935] [1936] [1937] [1938] [1939] [1940] [1941] [1942] [1943]
[1944] [1945] [1946] [1947] [1948] [1949] [1950] [1951] [1952] [1953] [1954]
[1955] [1956] [1957] [1958] [1959] [1960] [1961] [1962] [1963] [1964] [1965]
[1966] [1967] [1968] [1969] [1970] [1971] [1972] [1973] [1974] [1975] [1976]
[1977] [1978] [1979] [1980] [1981] [1982] [1983] [1984] [1985] [1986] [1987]
[1988] [1989] [1990] [1991] [1992] [1993] [1994] [1995] [1996] [1997] [1998]
[1999] [2000] [2001] [2002] [2003] [2004] [2005] [2006] [2007] [2008] [2009]
[2010] [2011] [2012] [2013] [2014] [2015] [2016] [2017] [2018] [2019] [2020]
[2021] [2022] [2023] [2024] [2025] [2026] [2027] [2028] [2029] [2030] [2031]
[2032] [2033] [2034] [2035] [2036] [2037] [2038] [2039] [2040] [2041] [2042]
[2043] [2044] [2045] [2046] [2047] [2048] [2049] [2050] [2051] [2052] [2053]
[2054] [2055] [2056] [2057] [2058] [2059] [2060] [2061] [2062] [2063] [2064]
[2065] [2066] [2067] [2068] [2069] [2070] [2071] [2072] [2073] [2074] [2075]
[2076] [2077] [2078] [2079] [2080] [2081] [2082] [2083] [2084] [2085] [2086]
[2087] [2088] [2089] [2090] [2091] [2092] [2093] [2094] [2095] [2096] [2097]
[2098] [2099] [2100] [2101] [2102] [2103] [2104] [2105] [2106] [2107] [2108]
[2109] [2110] [2111] [2112] [2113] [2114] [2115] [2116] [2117] [2118] [2119]
[2120] [2121] [2122] [2123] [2124] [2125] [2126] [2127] [2128] [2129] [2130]
[2131] [2132]
<HW4_report_files/HW4_report_146_0.png, id=8870, 410.53375pt x 282.05376pt>
File: HW4_report_files/HW4_report_146_0.png Graphic file (type png)

<use HW4_report_files/HW4_report_146_0.png>
Package pdftex.def Info: HW4_report_files/HW4_report_146_0.png used on input lin
e 115500.
(pdftex.def)             Requested size: 410.53275pt x 282.05305pt.

Underfull \hbox (badness 10000) in paragraph at lines 115502--115503

 []

[2133<./HW4_report_files/HW4_report_146_0.png>] [2134] [2135] [2136] [2137]
[2138] [2139] [2140] [2141] [2142] [2143] [2144] [2145] [2146] [2147] [2148]
[2149] [2150] [2151] [2152] [2153] [2154] [2155] [2156] [2157] [2158] [2159]
[2160] [2161] [2162] [2163] [2164] [2165] [2166] [2167] [2168] [2169] [2170]
[2171] [2172] [2173] [2174] [2175] [2176] [2177] [2178] [2179] [2180] [2181]
[2182] [2183] [2184] [2185] [2186] [2187] [2188] [2189] [2190] [2191] [2192]
[2193] [2194] [2195] [2196] [2197] [2198] [2199] [2200] [2201] [2202] [2203]
[2204] [2205] [2206] [2207] [2208] [2209] [2210] [2211] [2212] [2213] [2214]
[2215] [2216] [2217] [2218] [2219] [2220] [2221] [2222] [2223] [2224] [2225]
[2226] [2227] [2228] [2229] [2230] [2231] [2232] [2233] [2234] [2235] [2236]
[2237] [2238] [2239] [2240] [2241] [2242] [2243] [2244] [2245] [2246] [2247]
[2248] [2249] [2250] [2251] [2252] [2253] [2254] [2255] [2256] [2257] [2258]
[2259] [2260] [2261] [2262] [2263] [2264] [2265] [2266] [2267] [2268] [2269]
[2270] [2271] [2272] [2273] [2274] [2275] [2276] [2277] [2278] [2279] [2280]
[2281] [2282] [2283] [2284] [2285] [2286] [2287] [2288] [2289] [2290] [2291]
[2292] [2293] [2294] [2295] [2296] [2297] [2298] [2299] [2300] [2301] [2302]
[2303] [2304] [2305] [2306] [2307] [2308] [2309] [2310] [2311] [2312] [2313]
[2314] [2315] [2316] [2317] [2318] [2319] [2320] [2321] [2322] [2323] [2324]
[2325] [2326] [2327] [2328] [2329] [2330] [2331] [2332] [2333] [2334] [2335]
[2336] [2337] [2338] [2339] [2340] [2341] [2342] [2343] [2344] [2345] [2346]
[2347] [2348] [2349] [2350] [2351] [2352] [2353] [2354] [2355] [2356] [2357]
[2358] [2359] [2360] [2361] [2362] [2363] [2364] [2365] [2366] [2367] [2368]
[2369] [2370] [2371] [2372] [2373] [2374] [2375] [2376] [2377] [2378] [2379]
[2380] [2381] [2382] [2383] [2384] [2385] [2386] [2387] [2388] [2389] [2390]
[2391] [2392] [2393] [2394] [2395] [2396] [2397] [2398] [2399] [2400] [2401]
[2402] [2403] [2404] [2405] [2406] [2407] [2408] [2409] [2410] [2411] [2412]
[2413] [2414] [2415] [2416] [2417] [2418] [2419] [2420] [2421] [2422] [2423]
[2424] [2425] [2426] [2427] [2428] [2429] [2430] [2431] [2432] [2433] [2434]
[2435] [2436] [2437] [2438] [2439] [2440] [2441] [2442] [2443] [2444] [2445]
[2446] [2447] [2448] [2449] [2450] [2451] [2452] [2453] [2454] [2455] [2456]
[2457] [2458] [2459] [2460] [2461] [2462] [2463] [2464] [2465] [2466] [2467]
[2468] [2469] [2470] [2471] [2472] [2473] [2474] [2475] [2476] [2477] [2478]
[2479] [2480] [2481] [2482] [2483] [2484] [2485] [2486] [2487] [2488] [2489]
[2490] [2491] [2492] [2493] [2494] [2495] [2496] [2497] [2498] [2499] [2500]
[2501] [2502] [2503] [2504] [2505] [2506] [2507] [2508] [2509] [2510] [2511]
[2512] [2513] [2514] [2515] [2516] [2517] [2518] [2519] [2520] [2521] [2522]
[2523] [2524] [2525] [2526] [2527] [2528] [2529] [2530] [2531] [2532] [2533]
[2534] [2535] [2536] [2537] [2538] [2539] [2540] [2541] [2542] [2543] [2544]
[2545] [2546] [2547] [2548] [2549] [2550] [2551] [2552] [2553] [2554] [2555]
[2556] [2557] [2558] [2559] [2560] [2561] [2562] [2563] [2564] [2565] [2566]
[2567] [2568] [2569] [2570] [2571] [2572] [2573] [2574] [2575] [2576] [2577]
[2578] [2579] [2580] [2581] [2582] [2583] [2584] [2585] [2586] [2587] [2588]
[2589] [2590] [2591] [2592] [2593] [2594] [2595] [2596] [2597] [2598] [2599]
[2600] [2601] [2602] [2603] [2604] [2605] [2606] [2607] [2608] [2609] [2610]
[2611] [2612] [2613] [2614] [2615] [2616] [2617] [2618] [2619] [2620] [2621]
[2622] [2623] [2624] [2625] [2626] [2627] [2628] [2629] [2630] [2631] [2632]
[2633] [2634] [2635] [2636] [2637] [2638] [2639] [2640] [2641] [2642] [2643]
[2644] [2645] [2646] [2647] [2648] [2649] [2650] [2651] [2652] [2653] [2654]
[2655] [2656] [2657] [2658] [2659] [2660] [2661] [2662] [2663] [2664] [2665]
[2666] [2667] [2668] [2669] [2670] [2671] [2672] [2673] [2674] [2675] [2676]
[2677] [2678] [2679] [2680] [2681] [2682] [2683] [2684] [2685] [2686] [2687]
[2688]
<HW4_report_files/HW4_report_150_0.png, id=11168, 410.53375pt x 282.05376pt>
File: HW4_report_files/HW4_report_150_0.png Graphic file (type png)

<use HW4_report_files/HW4_report_150_0.png>
Package pdftex.def Info: HW4_report_files/HW4_report_150_0.png used on input lin
e 145530.
(pdftex.def)             Requested size: 410.53275pt x 282.05305pt.
 [2689]
Underfull \hbox (badness 10000) in paragraph at lines 145532--145533

 []

[2690<./HW4_report_files/HW4_report_150_0.png>] [2691] [2692] [2693] [2694]
[2695] [2696] [2697] [2698] [2699] [2700] [2701] [2702] [2703] [2704] [2705]
[2706] [2707] [2708] [2709] [2710] [2711] [2712] [2713] [2714] [2715] [2716]
[2717] [2718] [2719] [2720] [2721] [2722] [2723] [2724] [2725] [2726] [2727]
[2728] [2729] [2730] [2731] [2732] [2733] [2734] [2735] [2736] [2737] [2738]
[2739] [2740] [2741] [2742] [2743] [2744] [2745] [2746] [2747] [2748] [2749]
[2750] [2751] [2752] [2753] [2754] [2755] [2756] [2757] [2758] [2759] [2760]
[2761] [2762] [2763] [2764] [2765] [2766] [2767] [2768] [2769] [2770] [2771]
[2772] [2773] [2774] [2775] [2776] [2777] [2778] [2779] [2780] [2781] [2782]
[2783] [2784] [2785] [2786] [2787] [2788] [2789] [2790] [2791] [2792] [2793]
[2794] [2795] [2796] [2797] [2798] [2799] [2800] [2801] [2802] [2803] [2804]
[2805] [2806] [2807] [2808] [2809] [2810] [2811] [2812] [2813] [2814] [2815]
[2816] [2817] [2818] [2819] [2820] [2821] [2822] [2823] [2824] [2825] [2826]
[2827] [2828] [2829] [2830] [2831] [2832] [2833] [2834] [2835] [2836] [2837]
[2838] [2839] [2840] [2841] [2842] [2843] [2844] [2845] [2846] [2847] [2848]
[2849] [2850] [2851] [2852] [2853] [2854] [2855] [2856] [2857] [2858] [2859]
[2860] [2861] [2862] [2863] [2864] [2865] [2866] [2867] [2868] [2869] [2870]
[2871] [2872] [2873] [2874] [2875] [2876] [2877] [2878] [2879] [2880] [2881]
[2882] [2883] [2884] [2885] [2886] [2887] [2888] [2889] [2890] [2891] [2892]
[2893] [2894] [2895] [2896] [2897] [2898] [2899] [2900] [2901] [2902] [2903]
[2904] [2905] [2906] [2907] [2908] [2909] [2910] [2911] [2912] [2913] [2914]
[2915] [2916] [2917] [2918] [2919] [2920] [2921] [2922] [2923] [2924] [2925]
[2926] [2927] [2928] [2929] [2930] [2931] [2932] [2933] [2934] [2935] [2936]
[2937] [2938] [2939] [2940] [2941] [2942] [2943] [2944] [2945] [2946] [2947]
[2948] [2949] [2950] [2951] [2952] [2953] [2954] [2955] [2956] [2957] [2958]
[2959] [2960] [2961] [2962] [2963] [2964] [2965] [2966] [2967] [2968] [2969]
[2970] [2971] [2972] [2973] [2974] [2975] [2976] [2977] [2978] [2979] [2980]
[2981] [2982] [2983] [2984] [2985] [2986] [2987] [2988] [2989] [2990] [2991]
[2992] [2993] [2994] [2995] [2996] [2997] [2998] [2999] [3000] [3001] [3002]
[3003] [3004] [3005] [3006] [3007] [3008] [3009] [3010] [3011] [3012] [3013]
[3014] [3015] [3016] [3017] [3018] [3019] [3020] [3021] [3022] [3023] [3024]
[3025] [3026] [3027] [3028] [3029] [3030] [3031] [3032] [3033] [3034] [3035]
[3036] [3037] [3038] [3039] [3040] [3041] [3042] [3043] [3044] [3045] [3046]
[3047] [3048] [3049] [3050] [3051] [3052] [3053] [3054] [3055] [3056] [3057]
[3058] [3059] [3060]
Missing character: There is no 􀀀 (U+100000) in font cmr5!
 [3061]

Package longtable Warning: Table widths have changed. Rerun LaTeX.

Package atveryend Info: Empty hook `BeforeClearDocument' on input line 165702.
[3062]
Package atveryend Info: Empty hook `AfterLastShipout' on input line 165702.
 (./HW4_report.aux)
Package atveryend Info: Executing hook `AtVeryEndDocument' on input line 165702.

Package atveryend Info: Executing hook `AtEndAfterFileList' on input line 165702
.


Package rerunfilecheck Warning: File `HW4_report.out' has changed.
(rerunfilecheck)                Rerun to get outlines right
(rerunfilecheck)                or use package `bookmark'.

Package rerunfilecheck Info: Checksums for `HW4_report.out':
(rerunfilecheck)             Before: D41D8CD98F00B204E9800998ECF8427E;0
(rerunfilecheck)             After:  E68625B1CCB372B56D5CDA9A127DE886;661.

LaTeX Warning: Label(s) may have changed. Rerun to get cross-references right.

Package atveryend Info: Empty hook `AtVeryVeryEnd' on input line 165702.
)

Here is how much of LuaTeX's memory you used:
 12819 strings out of 494693
 100000,266212 words of node,token memory allocated
 402 words of node memory still in use:
   6 hlist, 2 vlist, 2 rule, 2 glue, 1 kern, 1 glyph, 43 glue_spec, 1 action, 1 
write nodes
   avail lists: 1:1,2:26,3:170,4:1334,5:198,6:2350,7:58,8:9,9:305,10:173
 12959 multiletter control sequences out of 65536+600000
 62 fonts using 2446983 bytes
 36i,10n,35p,568b,412s stack positions out of 5000i,500n,10000p,200000b,100000s
{/usr/local/texlive/2015/texmf-dist/fonts/enc/dvips/cm-super/cm-super-ts1.enc}<<
/usr/local/texlive/2015/texmf-dist/fonts/type1/public/amsfonts/cm/cmbx10.pfb><</
usr/local/texlive/2015/texmf-dist/fonts/type1/public/amsfonts/cm/cmbx12.pfb><</u
sr/local/texlive/2015/texmf-dist/fonts/type1/public/amsfonts/cm/cmex10.pfb><</us
r/local/texlive/2015/texmf-dist/fonts/type1/public/amsfonts/cm/cmitt10.pfb><</us
r/local/texlive/2015/texmf-dist/fonts/type1/public/amsfonts/cm/cmmi10.pfb><</usr
/local/texlive/2015/texmf-dist/fonts/type1/public/amsfonts/cm/cmmi5.pfb><</usr/l
ocal/texlive/2015/texmf-dist/fonts/type1/public/amsfonts/cm/cmmi7.pfb><</usr/loc
al/texlive/2015/texmf-dist/fonts/type1/public/amsfonts/cm/cmr10.pfb><</usr/local
/texlive/2015/texmf-dist/fonts/type1/public/amsfonts/cm/cmr12.pfb><</usr/local/t
exlive/2015/texmf-dist/fonts/type1/public/amsfonts/cm/cmr17.pfb><</usr/local/tex
live/2015/texmf-dist/fonts/type1/public/amsfonts/cm/cmr5.pfb><</usr/local/texliv
e/2015/texmf-dist/fonts/type1/public/amsfonts/cm/cmr7.pfb><</usr/local/texlive/2
015/texmf-dist/fonts/type1/public/amsfonts/cm/cmsy10.pfb><</usr/local/texlive/20
15/texmf-dist/fonts/type1/public/amsfonts/cm/cmsy5.pfb><</usr/local/texlive/2015
/texmf-dist/fonts/type1/public/amsfonts/cm/cmsy7.pfb><</usr/local/texlive/2015/t
exmf-dist/fonts/type1/public/amsfonts/cm/cmtt10.pfb><</usr/local/texlive/2015/te
xmf-dist/fonts/type1/public/amsfonts/symbols/msam10.pfb><</usr/local/texlive/201
5/texmf-dist/fonts/type1/public/cm-super/sfbx1000.pfb><</usr/local/texlive/2015/
texmf-dist/fonts/type1/public/cm-super/sfrm1000.pfb>
Output written on HW4_report.pdf (3062 pages, 3463611 bytes).

PDF statistics: 12930 PDF objects out of 15390 (max. 8388607)
 9721 compressed objects within 98 object streams
 3088 named destinations out of 3580 (max. 131072)
 1 words of extra memory for PDF output out of 10000 (max. 10000000)

